<?xml version="1.0" encoding="UTF-8"?>
<!-- Generated by org.testng.reporters.JUnitXMLReporter -->
<testsuite hostname="Agadia-04" ignored="0" name="Default test" tests="5" failures="0" timestamp="30 Sep 2018 16:37:07 GMT" time="0.164" errors="0">
  <testcase name="MethodBelongsToG1G2G3" time="0.04" classname="com.GroupngsInTestNG.ATestNGClassContainingMultipleTestMethodsBelongingToMultipleGroups"/>
  <testcase name="MethodBelongsToGroupG1G3" time="0.005" classname="com.GroupngsInTestNG.ATestNGClassContainingMultipleTestMethodsBelongingToMultipleGroups"/>
  <testcase name="MethodBelongsToGroupsG1" time="0.005" classname="com.GroupngsInTestNG.ATestNGClassContainingMultipleTestMethodsBelongingToMultipleGroups"/>
  <testcase name="MethodbelongsToGroupsG3" time="0.005" classname="com.GroupngsInTestNG.ATestNGClassContainingMultipleTestMethodsBelongingToMultipleGroups"/>
  <testcase name="MethodsBelongToG1G2" time="0.004" classname="com.GroupngsInTestNG.ATestNGClassContainingMultipleTestMethodsBelongingToMultipleGroups"/>
</testsuite> <!-- Default test -->
