<?xml version="1.0" encoding="UTF-8"?>
<testng-results skipped="0" failed="1" ignored="0" total="3" passed="2">
  <reporter-output>
  </reporter-output>
  <suite name="Default suite" duration-ms="36372" started-at="2018-06-18T09:16:53Z" finished-at="2018-06-18T09:17:29Z">
    <groups>
    </groups>
    <test name="Default test" duration-ms="36372" started-at="2018-06-18T09:16:53Z" finished-at="2018-06-18T09:17:29Z">
      <class name="www.EReport.ImplementingExtentReport">
        <test-method status="PASS" signature="cTest()[pri:0, instance:www.EReport.ImplementingExtentReport@59e5ddf]" name="cTest" duration-ms="15602" started-at="2018-06-18T09:16:53Z" finished-at="2018-06-18T09:17:08Z">
          <reporter-output>
          </reporter-output>
        </test-method> <!-- cTest -->
        <test-method status="PASS" signature="tearDown()[pri:0, instance:www.EReport.ImplementingExtentReport@59e5ddf]" name="tearDown" is-config="true" duration-ms="743" started-at="2018-06-18T09:17:08Z" finished-at="2018-06-18T09:17:09Z">
          <reporter-output>
          </reporter-output>
        </test-method> <!-- tearDown -->
        <test-method status="PASS" signature="extentTest()[pri:0, instance:www.EReport.ImplementingExtentReport@59e5ddf]" name="extentTest" duration-ms="4" started-at="2018-06-18T09:17:09Z" finished-at="2018-06-18T09:17:09Z">
          <reporter-output>
          </reporter-output>
        </test-method> <!-- extentTest -->
        <test-method status="PASS" signature="tearDown()[pri:0, instance:www.EReport.ImplementingExtentReport@59e5ddf]" name="tearDown" is-config="true" duration-ms="1" started-at="2018-06-18T09:17:09Z" finished-at="2018-06-18T09:17:09Z">
          <reporter-output>
          </reporter-output>
        </test-method> <!-- tearDown -->
        <test-method status="FAIL" signature="fFTest()[pri:0, instance:www.EReport.ImplementingExtentReport@59e5ddf]" name="fFTest" duration-ms="17946" started-at="2018-06-18T09:17:09Z" finished-at="2018-06-18T09:17:27Z">
          <exception class="java.io.IOException">
            <message>
              <![CDATA[The filename, directory name, or volume label syntax is incorrect]]>
            </message>
            <full-stacktrace>
              <![CDATA[java.io.IOException: The filename, directory name, or volume label syntax is incorrect
at java.io.WinNTFileSystem.canonicalize0(Native Method)
at java.io.WinNTFileSystem.canonicalize(Unknown Source)
at java.io.File.getCanonicalPath(Unknown Source)
at org.apache.commons.io.FileUtils.copyFile(FileUtils.java:1064)
at org.apache.commons.io.FileUtils.copyFile(FileUtils.java:1028)
at www.EReport.ImplementingExtentReport.fFTest(ImplementingExtentReport.java:67)
at sun.reflect.NativeMethodAccessorImpl.invoke0(Native Method)
at sun.reflect.NativeMethodAccessorImpl.invoke(Unknown Source)
at sun.reflect.DelegatingMethodAccessorImpl.invoke(Unknown Source)
at java.lang.reflect.Method.invoke(Unknown Source)
at org.testng.internal.MethodInvocationHelper.invokeMethod(MethodInvocationHelper.java:124)
at org.testng.internal.Invoker.invokeMethod(Invoker.java:580)
at org.testng.internal.Invoker.invokeTestMethod(Invoker.java:716)
at org.testng.internal.Invoker.invokeTestMethods(Invoker.java:988)
at org.testng.internal.TestMethodWorker.invokeTestMethods(TestMethodWorker.java:125)
at org.testng.internal.TestMethodWorker.run(TestMethodWorker.java:109)
at org.testng.TestRunner.privateRun(TestRunner.java:648)
at org.testng.TestRunner.run(TestRunner.java:505)
at org.testng.SuiteRunner.runTest(SuiteRunner.java:455)
at org.testng.SuiteRunner.runSequentially(SuiteRunner.java:450)
at org.testng.SuiteRunner.privateRun(SuiteRunner.java:415)
at org.testng.SuiteRunner.run(SuiteRunner.java:364)
at org.testng.SuiteRunnerWorker.runSuite(SuiteRunnerWorker.java:52)
at org.testng.SuiteRunnerWorker.run(SuiteRunnerWorker.java:84)
at org.testng.TestNG.runSuitesSequentially(TestNG.java:1208)
at org.testng.TestNG.runSuitesLocally(TestNG.java:1137)
at org.testng.TestNG.runSuites(TestNG.java:1049)
at org.testng.TestNG.run(TestNG.java:1017)
at org.testng.remote.AbstractRemoteTestNG.run(AbstractRemoteTestNG.java:114)
at org.testng.remote.RemoteTestNG.initAndRun(RemoteTestNG.java:251)
at org.testng.remote.RemoteTestNG.main(RemoteTestNG.java:77)
]]>
            </full-stacktrace>
          </exception> <!-- java.io.IOException -->
          <reporter-output>
          </reporter-output>
        </test-method> <!-- fFTest -->
        <test-method status="PASS" signature="tearDown()[pri:0, instance:www.EReport.ImplementingExtentReport@59e5ddf]" name="tearDown" is-config="true" duration-ms="1980" started-at="2018-06-18T09:17:27Z" finished-at="2018-06-18T09:17:29Z">
          <reporter-output>
          </reporter-output>
        </test-method> <!-- tearDown -->
      </class> <!-- www.EReport.ImplementingExtentReport -->
    </test> <!-- Default test -->
  </suite> <!-- Default suite -->
</testng-results>
