<?xml version="1.0" encoding="UTF-8"?>
<!-- Generated by org.testng.reporters.JUnitXMLReporter -->
<testsuite hostname="Agadia-04" ignored="3" name="Test" tests="3" failures="0" timestamp="04 Oct 2018 03:26:22 GMT" time="0.114" errors="0">
  <testcase name="mod4" time="0.032" classname="com.GroupsOfGroups.GroupsOfGroups"/>
  <testcase name="mod5" time="0.0" classname="com.GroupsOfGroups.GroupsOfGroups"/>
  <testcase name="mod6" time="0.0" classname="com.GroupsOfGroups.GroupsOfGroups"/>
  <testcase name="mod2" time="0.0" classname="com.GroupsOfGroups.GroupsOfGroups">
    <ignored/>
  </testcase> <!-- mod2 -->
  <testcase name="mod3" time="0.0" classname="com.GroupsOfGroups.GroupsOfGroups">
    <ignored/>
  </testcase> <!-- mod3 -->
  <testcase name="mod1" time="0.0" classname="com.GroupsOfGroups.GroupsOfGroups">
    <ignored/>
  </testcase> <!-- mod1 -->
</testsuite> <!-- Test -->
