<?xml version="1.0" encoding="UTF-8"?>
<!-- Generated by org.testng.reporters.JUnitXMLReporter -->
<testsuite hostname="Agadia-04" ignored="4" name="GRP-G1FromP2,G1FromP1" tests="2" failures="0" timestamp="04 Oct 2018 02:27:12 GMT" time="0.139" errors="0">
  <testcase name="G1FromP1" time="0.04" classname="com.TestNgpackage1.GroupingExampleFromP1"/>
  <testcase name="G1FromP2" time="0.006" classname="com.TestNgpackage2.GroupingExampleFromP2"/>
  <testcase name="G2FromP2" time="0.0" classname="com.TestNgpackage2.GroupingExampleFromP2">
    <ignored/>
  </testcase> <!-- G2FromP2 -->
  <testcase name="G3FromP1" time="0.0" classname="com.TestNgpackage1.GroupingExampleFromP1">
    <ignored/>
  </testcase> <!-- G3FromP1 -->
  <testcase name="G3FromP2" time="0.0" classname="com.TestNgpackage2.GroupingExampleFromP2">
    <ignored/>
  </testcase> <!-- G3FromP2 -->
  <testcase name="G2FromP1" time="0.0" classname="com.TestNgpackage1.GroupingExampleFromP1">
    <ignored/>
  </testcase> <!-- G2FromP1 -->
</testsuite> <!-- GRP-G1FromP2,G1FromP1 -->
