<?xml version="1.0" encoding="UTF-8"?>
<!-- Generated by org.testng.reporters.JUnitXMLReporter -->
<testsuite hostname="Agadia-04" ignored="5" name="Test" tests="1" failures="0" timestamp="30 Sep 2018 18:04:48 GMT" time="0.109" errors="0">
  <testcase name="methodBelongToGroupG1" time="0.036" classname="com.GroupngsInTestNG.TestNGxmlForMethodsBelongtoMultipleGroupNames"/>
  <testcase name="methodBelongToGroupG2" time="0.0" classname="com.GroupngsInTestNG.TestNGxmlForMethodsBelongtoMultipleGroupNames">
    <ignored/>
  </testcase> <!-- methodBelongToGroupG2 -->
  <testcase name="MethodBelongToG1G2" time="0.0" classname="com.GroupngsInTestNG.TestNGxmlForMethodsBelongtoMultipleGroupNames">
    <ignored/>
  </testcase> <!-- MethodBelongToG1G2 -->
  <testcase name="MethodBelongToGroupG1G3" time="0.0" classname="com.GroupngsInTestNG.TestNGxmlForMethodsBelongtoMultipleGroupNames">
    <ignored/>
  </testcase> <!-- MethodBelongToGroupG1G3 -->
  <testcase name="methodBelongToGroupG3" time="0.0" classname="com.GroupngsInTestNG.TestNGxmlForMethodsBelongtoMultipleGroupNames">
    <ignored/>
  </testcase> <!-- methodBelongToGroupG3 -->
  <testcase name="MethodBelongToG1G2G3" time="0.0" classname="com.GroupngsInTestNG.TestNGxmlForMethodsBelongtoMultipleGroupNames">
    <ignored/>
  </testcase> <!-- MethodBelongToG1G2G3 -->
</testsuite> <!-- Test -->
