<?xml version="1.0" encoding="UTF-8"?>
<testng-results skipped="0" failed="0" ignored="3" total="6" passed="3">
  <reporter-output>
  </reporter-output>
  <suite name="Suite" duration-ms="114" started-at="2018-10-04T03:26:22Z" finished-at="2018-10-04T03:26:22Z">
    <groups>
      <group name="mod 5">
        <method signature="GroupsOfGroups.mod5()[pri:0, instance:com.GroupsOfGroups.GroupsOfGroups@51081592]" name="mod5" class="com.GroupsOfGroups.GroupsOfGroups"/>
      </group> <!-- mod 5 -->
      <group name="mod 4">
        <method signature="GroupsOfGroups.mod4()[pri:0, instance:com.GroupsOfGroups.GroupsOfGroups@51081592]" name="mod4" class="com.GroupsOfGroups.GroupsOfGroups"/>
      </group> <!-- mod 4 -->
      <group name="mod 6">
        <method signature="GroupsOfGroups.mod6()[pri:0, instance:com.GroupsOfGroups.GroupsOfGroups@51081592]" name="mod6" class="com.GroupsOfGroups.GroupsOfGroups"/>
      </group> <!-- mod 6 -->
    </groups>
    <test name="Test" duration-ms="114" started-at="2018-10-04T03:26:22Z" finished-at="2018-10-04T03:26:22Z">
      <class name="com.GroupsOfGroups.GroupsOfGroups">
        <test-method status="PASS" signature="mod4()[pri:0, instance:com.GroupsOfGroups.GroupsOfGroups@51081592]" name="mod4" duration-ms="32" started-at="2018-10-04T03:26:22Z" finished-at="2018-10-04T03:26:22Z">
          <reporter-output>
          </reporter-output>
        </test-method> <!-- mod4 -->
        <test-method status="PASS" signature="mod5()[pri:0, instance:com.GroupsOfGroups.GroupsOfGroups@51081592]" name="mod5" duration-ms="0" started-at="2018-10-04T03:26:22Z" finished-at="2018-10-04T03:26:22Z">
          <reporter-output>
          </reporter-output>
        </test-method> <!-- mod5 -->
        <test-method status="PASS" signature="mod6()[pri:0, instance:com.GroupsOfGroups.GroupsOfGroups@51081592]" name="mod6" duration-ms="0" started-at="2018-10-04T03:26:22Z" finished-at="2018-10-04T03:26:22Z">
          <reporter-output>
          </reporter-output>
        </test-method> <!-- mod6 -->
      </class> <!-- com.GroupsOfGroups.GroupsOfGroups -->
    </test> <!-- Test -->
  </suite> <!-- Suite -->
</testng-results>
